[    2295ms] [ERROR] WebSocket connection to 'ws://localhost:8088/ws' failed: Error during WebSocket handshake: Unexpected response code: 404 @ webpack-internal:///./node_modules/webpack-dev-server/client/clients/WebSocketClient.js:27
[    2296ms] [ERROR] [webpack-dev-server] Event @ webpack-internal:///./node_modules/webpack-dev-server/client/modules/logger/index.js:611
[    3386ms] [ERROR] Warning: Function components cannot be given refs. Attempts to access this ref will fail. Did you mean to use React.forwardRef()?%s%s 

Check the render method of `EmotionCssPropInternal`. 
    at Button (webpack-internal:///./packages/superset-ui-core/src/components/Button/index.tsx:92:13)
    at eval (webpack-internal:///./node_modules/@emotion/react/dist/emotion-element-489459f2.browser.development.esm.js:56:66)
    at eval (webpack-internal:///./node_modules/@rc-component/trigger/es/TriggerWrapper.js:12:24)
    at DomWrapper (webpack-internal:///./node_modules/rc-resize-observer/es/SingleObserver/DomWrapper.js:24:90)
    at SingleObserver (webpack-internal:///./node_modules/rc-resize-observer/es/SingleObserver/index.js:24:24)
    at ResizeObserver (webpack-internal:///./node_modules/rc-resize-observer/es/index.js:24:24)
    at eval (webpack-internal:///./node_modules/@rc-component/trigger/es/index.js:62:34)
    at Dropdown (webpack-internal:///./node_modules/rc-dropdown/es/Dropdown.js:33:28)
    at Dropdown (webpack-internal:///./node_modules/antd/es/dropdown/dropdown.js:56:5)
    at Dropdown
    at div
    at eval (webpack-internal:///./node_modules/@emotion/react/dist/emotion-element-489459f2.browser.development.esm.js:56:66)
    at div
    at div
    at eval (webpack-internal:///./node_modules/@emotion/react/dist/emotion-element-489459f2.browser.development.esm.js:56:66)
    at PageHeaderWithActions (webpack-internal:///./packages/superset-ui-core/src/components/PageHeaderWithActions/index.tsx:125:34)
    at ExploreChartHeader (webpack-internal:///./src/explore/components/ExploreChartHeader/index.tsx:135:31)
    at div
    at eval (webpack-internal:///./node_modules/@emotion/react/dist/emotion-element-489459f2.browser.development.esm.js:56:66)
    at ExploreContainer (webpack-internal:///./src/explore/components/ExploreContainer/index.tsx:74:29)
    at ExploreViewContainer (webpack-internal:///./src/explore/components/ExploreViewContainer/index.tsx:308:99)
    at ConnectFunction (webpack-internal:///./node_modules/react-redux/es/components/connectAdvanced.js:235:68)
    at ConnectFunction (webpack-internal:///./node_modules/react-redux/es/components/connectAdvanced.js:235:68)
    at ExplorePage (webpack-internal:///./src/pages/Chart/index.tsx:195:84)
    at ErrorBoundary (webpack-internal:///./src/components/ErrorBoundary/index.tsx:62:9)
    at eval (webpack-internal:///./node_modules/@emotion/react/dist/emotion-element-489459f2.browser.development.esm.js:56:66)
    at main
    at eval (webpack-internal:///./node_modules/antd/es/layout/layout.js:57:18)
    at Content
    at eval (webpack-internal:///./node_modules/@emotion/react/dist/emotion-element-489459f2.browser.development.esm.js:56:66)
    at div
    at eval (webpack-internal:///./node_modules/antd/es/layout/layout.js:77:42)
    at Layout
    at Suspense
    at Route (webpack-internal:///./node_modules/react-router/esm/react-router.js:644:29)
    at Switch (webpack-internal:///./node_modules/react-router/esm/react-router.js:846:29)
    at ExtensionsStartup (webpack-internal:///./src/extensions/ExtensionsStartup.tsx:84:30)
    at QueryParamProviderInner (webpack-internal:///./node_modules/use-query-params/dist/QueryParamProvider.js:28:3)
    at ReactRouter5Adapter (webpack-internal:///./node_modules/use-query-params/adapters/react-router-5/index.js:10:3)
    at QueryParamProvider (webpack-internal:///./node_modules/use-query-params/dist/QueryParamProvider.js:47:3)
    at DynamicPluginProvider (webpack-internal:///./src/components/DynamicPlugins/index.tsx:163:34)
    at EmbeddedUiConfigProvider (webpack-internal:///./src/components/UiConfigContext/index.tsx:48:37)
    at eval (webpack-internal:///./node_modules/react-dnd/dist/esm/common/DndProvider.js:34:23)
    at Provider (webpack-internal:///./node_modules/react-redux/es/components/Provider.js:20:20)
    at MotionWrapper (webpack-internal:///./node_modules/antd/es/config-provider/MotionWrapper.js:20:59)
    at ProviderChildren (webpack-internal:///./node_modules/antd/es/config-provider/index.js:136:5)
    at ConfigProvider (webpack-internal:///./node_modules/antd/es/config-provider/index.js:438:54)
    at ThemeProvider (webpack-internal:///./node_modules/@emotion/react/dist/emotion-element-489459f2.browser.development.esm.js:95:50)
    at Theme.SupersetThemeProvider (webpack-internal:///./packages/superset-core/src/theme/Theme.tsx:150:29)
    at SupersetThemeProvider (webpack-internal:///./src/theme/ThemeProvider.tsx:32:34)
    at RootContextProviders (webpack-internal:///./src/views/RootContextProviders.tsx:54:33)
    at Router (webpack-internal:///./node_modules/react-router/esm/react-router.js:263:30)
    at BrowserRouter (webpack-internal:///./node_modules/react-router-dom/esm/react-router-dom.js:45:35)
    at App @ webpack-internal:///./node_modules/react-dom/cjs/react-dom.development.js:69
[    3472ms] [ERROR] Warning: [antd: Tooltip] `destroyTooltipOnHide` is deprecated. Please use `destroyOnHidden` instead. @ webpack-internal:///./node_modules/rc-util/es/warning.js:39
[    3515ms] [ERROR] Warning: Each child in a list should have a unique "key" prop.%s%s See https://reactjs.org/link/warning-keys for more information.%s 

Check the render method of `DndSelectLabel`.  
    at DndAdhocFilterOption (webpack-internal:///./src/explore/components/controls/DndColumnSelectControl/DndAdhocFilterOption.tsx:37:33)
    at DndSelectLabel (webpack-internal:///./src/explore/components/controls/DndColumnSelectControl/DndSelectLabel.tsx:67:11)
    at DndFilterSelect (webpack-internal:///./src/explore/components/controls/DndColumnSelectControl/DndFilterSelect.tsx:88:13)
    at ErrorBoundary (webpack-internal:///./src/components/ErrorBoundary/index.tsx:62:9)
    at div
    at eval (webpack-internal:///./node_modules/@emotion/react/dist/emotion-element-489459f2.browser.development.esm.js:56:66)
    at Control (webpack-internal:///./src/explore/components/Control.tsx:60:22)
    at StashFormDataContainer (webpack-internal:///./src/explore/components/StashFormDataContainer/index.tsx:35:35)
    at div
    at div
    at ControlRow (webpack-internal:///./src/explore/components/ControlRow.tsx:30:23)
    at div
    at div
    at eval (webpack-internal:///./node_modules/rc-collapse/es/PanelContent.js:17:25)
    at DomWrapper (webpack-internal:///./node_modules/rc-motion/es/DomWrapper.js:21:90)
    at eval (webpack-internal:///./node_modules/rc-motion/es/CSSMotion.js:52:32)
    at div
    at eval (webpack-internal:///./node_modules/rc-collapse/es/Panel.js:28:32)
    at div
    at eval (webpack-internal:///./node_modules/rc-collapse/es/Collapse.js:41:32)
    at eval (webpack-internal:///./node_modules/antd/es/collapse/Collapse.js:43:83)
    at eval (webpack-internal:///./node_modules/@emotion/react/dist/emotion-element-489459f2.browser.development.esm.js:56:66)
    at div
    at eval (webpack-internal:///./node_modules/rc-tabs/es/TabPanelList/TabPane.js:13:25)
    at DomWrapper (webpack-internal:///./node_modules/rc-motion/es/DomWrapper.js:21:90)
    at eval (webpack-internal:///./node_modules/rc-motion/es/CSSMotion.js:52:32)
    at div
    at div
    at TabPanelList (webpack-internal:///./node_modules/rc-tabs/es/TabPanelList/index.js:28:18)
    at div
    at eval (webpack-internal:///./node_modules/rc-tabs/es/Tabs.js:52:18)
    at eval (webpack-internal:///./node_modules/antd/es/tabs/index.js:49:7)
    at eval (webpack-internal:///./node_modules/@emotion/react/dist/emotion-element-489459f2.browser.development.esm.js:56:66)
    at StyledTabs (webpack-internal:///./packages/superset-ui-core/src/components/Tabs/Tabs.tsx:64:11)
    at div
    at eval (webpack-internal:///./node_modules/@emotion/react/dist/emotion-element-489459f2.browser.development.esm.js:56:66)
    at ControlPanelsContainer (webpack-internal:///./src/explore/components/ControlPanelsContainer.tsx:259:89)
    at div
    at Resizable (webpack-internal:///./node_modules/re-resizable/lib/index.js:170:28)
    at div
    at eval (webpack-internal:///./node_modules/@emotion/react/dist/emotion-element-489459f2.browser.development.esm.js:56:66)
    at div
    at eval (webpack-internal:///./node_modules/@emotion/react/dist/emotion-element-489459f2.browser.development.esm.js:56:66)
    at ExploreContainer (webpack-internal:///./src/explore/components/ExploreContainer/index.tsx:74:29)
    at ExploreViewContainer (webpack-internal:///./src/explore/components/ExploreViewContainer/index.tsx:308:99)
    at ConnectFunction (webpack-internal:///./node_modules/react-redux/es/components/connectAdvanced.js:235:68)
    at ConnectFunction (webpack-internal:///./node_modules/react-redux/es/components/connectAdvanced.js:235:68)
    at ExplorePage (webpack-internal:///./src/pages/Chart/index.tsx:195:84)
    at ErrorBoundary (webpack-internal:///./src/components/ErrorBoundary/index.tsx:62:9)
    at eval (webpack-internal:///./node_modules/@emotion/react/dist/emotion-element-489459f2.browser.development.esm.js:56:66)
    at main
    at eval (webpack-internal:///./node_modules/antd/es/layout/layout.js:57:18)
    at Content
    at eval (webpack-internal:///./node_modules/@emotion/react/dist/emotion-element-489459f2.browser.development.esm.js:56:66)
    at div
    at eval (webpack-internal:///./node_modules/antd/es/layout/layout.js:77:42)
    at Layout
    at Suspense
    at Route (webpack-internal:///./node_modules/react-router/esm/react-router.js:644:29)
    at Switch (webpack-internal:///./node_modules/react-router/esm/react-router.js:846:29)
    at ExtensionsStartup (webpack-internal:///./src/extensions/ExtensionsStartup.tsx:84:30)
    at QueryParamProviderInner (webpack-internal:///./node_modules/use-query-params/dist/QueryParamProvider.js:28:3)
    at ReactRouter5Adapter (webpack-internal:///./node_modules/use-query-params/adapters/react-router-5/index.js:10:3)
    at QueryParamProvider (webpack-internal:///./node_modules/use-query-params/dist/QueryParamProvider.js:47:3)
    at DynamicPluginProvider (webpack-internal:///./src/components/DynamicPlugins/index.tsx:163:34)
    at EmbeddedUiConfigProvider (webpack-internal:///./src/components/UiConfigContext/index.tsx:48:37)
    at eval (webpack-internal:///./node_modules/react-dnd/dist/esm/common/DndProvider.js:34:23)
    at Provider (webpack-internal:///./node_modules/react-redux/es/components/Provider.js:20:20)
    at MotionWrapper (webpack-internal:///./node_modules/antd/es/config-provider/MotionWrapper.js:20:59)
    at ProviderChildren (webpack-internal:///./node_modules/antd/es/config-provider/index.js:136:5)
    at ConfigProvider (webpack-internal:///./node_modules/antd/es/config-provider/index.js:438:54)
    at ThemeProvider (webpack-internal:///./node_modules/@emotion/react/dist/emotion-element-489459f2.browser.development.esm.js:95:50)
    at Theme.SupersetThemeProvider (webpack-internal:///./packages/superset-core/src/theme/Theme.tsx:150:29)
    at SupersetThemeProvider (webpack-internal:///./src/theme/ThemeProvider.tsx:32:34)
    at RootContextProviders (webpack-internal:///./src/views/RootContextProviders.tsx:54:33)
    at Router (webpack-internal:///./node_modules/react-router/esm/react-router.js:263:30)
    at BrowserRouter (webpack-internal:///./node_modules/react-router-dom/esm/react-router-dom.js:45:35)
    at App @ webpack-internal:///./node_modules/react/cjs/react-jsx-dev-runtime.development.js:119
[    3833ms] [ERROR] WebSocket connection to 'ws://localhost:8088/ws' failed: Error during WebSocket handshake: Unexpected response code: 404 @ webpack-internal:///./node_modules/webpack-dev-server/client/clients/WebSocketClient.js:27
[    3833ms] [ERROR] [webpack-dev-server] Event @ webpack-internal:///./node_modules/webpack-dev-server/client/modules/logger/index.js:611
[    5922ms] [ERROR] WebSocket connection to 'ws://localhost:8088/ws' failed: Error during WebSocket handshake: Unexpected response code: 404 @ webpack-internal:///./node_modules/webpack-dev-server/client/clients/WebSocketClient.js:27
[    5922ms] [ERROR] [webpack-dev-server] Event @ webpack-internal:///./node_modules/webpack-dev-server/client/modules/logger/index.js:611
[    7119ms] [WARNING] The resource http://localhost:8088/static/assets/DashboardContainer.3e1c42c5.chunk.js was preloaded using link preload but not used within a few seconds from the window's load event. Please make sure it has an appropriate `as` value and it is preloaded intentionally. @ http://localhost:8088/explore/?slice_id=104:0
[    9269ms] [WARNING] Warning: componentWillMount has been renamed, and is not recommended for use. See https://reactjs.org/link/unsafe-component-lifecycles for details.

* Move code with side effects to componentDidMount, and set initial state in the constructor.
* Rename componentWillMount to UNSAFE_componentWillMount to suppress this warning in non-strict mode. In React 18.x, only the UNSAFE_ name will work. To rename all deprecated lifecycles to their new names, you can run `npx react-codemod rename-unsafe-lifecycles` in your project source folder.

Please update the following components: %s CustomLoadableRenderer @ webpack-internal:///./node_modules/react-dom/cjs/react-dom.development.js:69
[    9957ms] [ERROR] WebSocket connection to 'ws://localhost:8088/ws' failed: Error during WebSocket handshake: Unexpected response code: 404 @ webpack-internal:///./node_modules/webpack-dev-server/client/clients/WebSocketClient.js:27
[    9957ms] [ERROR] [webpack-dev-server] Event @ webpack-internal:///./node_modules/webpack-dev-server/client/modules/logger/index.js:611
[   12440ms] [WARNING] The resource http://localhost:8088/static/assets/DashboardContainer.3e1c42c5.chunk.js was preloaded using link preload but not used within a few seconds from the window's load event. Please make sure it has an appropriate `as` value and it is preloaded intentionally. @ http://localhost:8088/explore/?form_data_key=gObjR6QJ8T4&slice_id=104:0
[   14767ms] [WARNING] Warning: componentWillMount has been renamed, and is not recommended for use. See https://reactjs.org/link/unsafe-component-lifecycles for details.

* Move code with side effects to componentDidMount, and set initial state in the constructor.
* Rename componentWillMount to UNSAFE_componentWillMount to suppress this warning in non-strict mode. In React 18.x, only the UNSAFE_ name will work. To rename all deprecated lifecycles to their new names, you can run `npx react-codemod rename-unsafe-lifecycles` in your project source folder.

Please update the following components: %s CustomLoadableRenderer @ webpack-internal:///./node_modules/react-dom/cjs/react-dom.development.js:69
[   18016ms] [ERROR] WebSocket connection to 'ws://localhost:8088/ws' failed: Error during WebSocket handshake: Unexpected response code: 404 @ webpack-internal:///./node_modules/webpack-dev-server/client/clients/WebSocketClient.js:27
[   18016ms] [ERROR] [webpack-dev-server] Event @ webpack-internal:///./node_modules/webpack-dev-server/client/modules/logger/index.js:611
[   18795ms] [WARNING] The resource http://localhost:8088/static/assets/DashboardContainer.3e1c42c5.chunk.js was preloaded using link preload but not used within a few seconds from the window's load event. Please make sure it has an appropriate `as` value and it is preloaded intentionally. @ http://localhost:8088/explore/?form_data_key=gObjR6QJ8T4&slice_id=104:0
[   34084ms] [ERROR] WebSocket connection to 'ws://localhost:8088/ws' failed: Error during WebSocket handshake: Unexpected response code: 404 @ webpack-internal:///./node_modules/webpack-dev-server/client/clients/WebSocketClient.js:27
[   34084ms] [ERROR] [webpack-dev-server] Event @ webpack-internal:///./node_modules/webpack-dev-server/client/modules/logger/index.js:611
[   66161ms] [ERROR] WebSocket connection to 'ws://localhost:8088/ws' failed: Error during WebSocket handshake: Unexpected response code: 404 @ webpack-internal:///./node_modules/webpack-dev-server/client/clients/WebSocketClient.js:27
[   66161ms] [ERROR] [webpack-dev-server] Event @ webpack-internal:///./node_modules/webpack-dev-server/client/modules/logger/index.js:611
[  130260ms] [ERROR] WebSocket connection to 'ws://localhost:8088/ws' failed: Error during WebSocket handshake: Unexpected response code: 404 @ webpack-internal:///./node_modules/webpack-dev-server/client/clients/WebSocketClient.js:27
[  130261ms] [ERROR] [webpack-dev-server] Event @ webpack-internal:///./node_modules/webpack-dev-server/client/modules/logger/index.js:611
[  253615ms] [WARNING] The resource http://localhost:8088/static/assets/DashboardContainer.3e1c42c5.chunk.js was preloaded using link preload but not used within a few seconds from the window's load event. Please make sure it has an appropriate `as` value and it is preloaded intentionally. @ http://localhost:8088/explore/?form_data_key=gObjR6QJ8T4&slice_id=104:0
[  258310ms] [ERROR] WebSocket connection to 'ws://localhost:8088/ws' failed: Error during WebSocket handshake: Unexpected response code: 404 @ webpack-internal:///./node_modules/webpack-dev-server/client/clients/WebSocketClient.js:27
[  258311ms] [ERROR] [webpack-dev-server] Event @ webpack-internal:///./node_modules/webpack-dev-server/client/modules/logger/index.js:611
[  514353ms] [ERROR] WebSocket connection to 'ws://localhost:8088/ws' failed: Error during WebSocket handshake: Unexpected response code: 404 @ webpack-internal:///./node_modules/webpack-dev-server/client/clients/WebSocketClient.js:27
[  514361ms] [ERROR] [webpack-dev-server] Event @ webpack-internal:///./node_modules/webpack-dev-server/client/modules/logger/index.js:611
